<?xml version="1.0" encoding="UTF-8"?>
<!-- Generated by org.testng.reporters.JUnitReportReporter -->
<testsuite hostname="MSI" failures="0" tests="1" name="runner1.TestRunner" time="8.880" errors="0" timestamp="2025-03-07T10:57:01 IST" skipped="0">
  <testcase classname="runner1.TestRunner" name="runScenario" time="8.880"/>
  <system-out/>
</testsuite> <!-- runner1.TestRunner -->
